<?xml version="1.0" encoding="UTF-8"?>
<!-- Generated by org.testng.reporters.JUnitReportReporter -->
<testsuite hostname="Bhawna" failures="0" tests="1" name="com.automation.tests.LeadsTest" time="22.300" errors="0" timestamp="2023-06-18T17:14:12 PDT" skipped="0">
  <testcase classname="com.automation.tests.LeadsTest" name="checkToCreateNewlyLeadPage26" time="22.300"/>
  <system-out/>
</testsuite> <!-- com.automation.tests.LeadsTest -->
