<?xml version="1.0" encoding="UTF-8"?>
<!-- Generated by org.testng.reporters.JUnitReportReporter -->
<testsuite hostname="Bhawna" failures="0" tests="1" name="com.automation.base.LoggingTest" time="0.447" errors="0" timestamp="2023-06-05T12:09:34 PDT" skipped="0">
  <testcase classname="com.automation.base.LoggingTest" name="login" time="0.447"/>
  <system-out/>
</testsuite> <!-- com.automation.base.LoggingTest -->
