<?xml version="1.0" encoding="UTF-8"?>
<!-- Generated by org.testng.reporters.JUnitReportReporter -->
<testsuite hostname="Bhawna" failures="0" tests="1" name="com.automation.tests.LoginTest" time="10.131" errors="0" timestamp="2023-06-10T23:57:54 PDT" skipped="0">
  <testcase classname="com.automation.tests.LoginTest" name="checkIfUserNamePopulatedAfterLogOutHomePageTest4" time="10.131"/>
  <system-out/>
</testsuite> <!-- com.automation.tests.LoginTest -->
